#
# There is insufficient memory for the Java Runtime Environment to continue.
# Native memory allocation (malloc) failed to allocate 1069296 bytes for Chunk::new
# Possible reasons:
#   The system is out of physical RAM or swap space
#   The process is running with CompressedOops enabled, and the Java Heap may be blocking the growth of the native heap
# Possible solutions:
#   Reduce memory load on the system
#   Increase physical memory or swap space
#   Check if swap backing store is full
#   Decrease Java heap size (-Xmx/-Xms)
#   Decrease number of Java threads
#   Decrease Java thread stack sizes (-Xss)
#   Set larger code cache with -XX:ReservedCodeCacheSize=
#   JVM is running with Unscaled Compressed Oops mode in which the Java heap is
#     placed in the first 4GB address space. The Java Heap base address is the
#     maximum limit for the native heap growth. Please use -XX:HeapBaseMinAddress
#     to set the Java Heap base and to place the Java Heap above 4GB virtual address.
# This output file may be truncated or incomplete.
#
#  Out of Memory Error (allocation.cpp:389), pid=12640, tid=0x0000000000002e64
#
# JRE version: OpenJDK Runtime Environment (8.0_212-b04) (build 1.8.0_212-release-1586-b04)
# Java VM: OpenJDK 64-Bit Server VM (25.212-b04 mixed mode windows-amd64 compressed oops)
# Failed to write core dump. Minidumps are not enabled by default on client versions of Windows
#

---------------  T H R E A D  ---------------

Current thread (0x0000000018766800):  JavaThread "C2 CompilerThread2" daemon [_thread_in_native, id=11876, stack(0x0000000019230000,0x0000000019330000)]

Stack: [0x0000000019230000,0x0000000019330000]
[error occurred during error reporting (printing stack bounds), id 0xc0000005]

Native frames: (J=compiled Java code, j=interpreted, Vv=VM code, C=native code)


Current CompileTask:
C2:1789428 18166       4       com.android.tools.r8.u.c.o::a (1157 bytes)


---------------  P R O C E S S  ---------------

Java Threads: ( => current thread )
  0x000000001e33b000 JavaThread "Cache worker for Java compile cache (C:\Users\Niger Lim\AndroidStudioProjects\fyp\.gradle\5.6.4\javaCompile)" [_thread_blocked, id=10128, stack(0x000000002adc0000,0x000000002aec0000)]
  0x000000001e33e800 JavaThread "Cache worker for Java compile cache (C:\Users\Niger Lim\.gradle\caches\5.6.4\javaCompile)" [_thread_blocked, id=2712, stack(0x000000002a460000,0x000000002a560000)]
  0x000000001e340000 JavaThread "stdout" [_thread_in_native, id=8156, stack(0x000000002aac0000,0x000000002abc0000)]
  0x000000001e33d000 JavaThread "stderr" [_thread_in_native, id=5568, stack(0x000000002a9c0000,0x000000002aac0000)]
  0x000000001e33f800 JavaThread "stdout" [_thread_in_native, id=5412, stack(0x000000002a8c0000,0x000000002a9c0000)]
  0x000000001d6ec800 JavaThread "stderr" [_thread_in_native, id=7828, stack(0x000000002a7c0000,0x000000002a8c0000)]
  0x000000001d6f1800 JavaThread "stdout" [_thread_in_native, id=10924, stack(0x000000002a6c0000,0x000000002a7c0000)]
  0x000000001d6f1000 JavaThread "stderr" [_thread_in_native, id=11260, stack(0x000000002a5c0000,0x000000002a6c0000)]
  0x000000001d6f2800 JavaThread "stdout" [_thread_in_native, id=10636, stack(0x000000002a360000,0x000000002a460000)]
  0x000000001d6f0000 JavaThread "stderr" [_thread_in_native, id=4448, stack(0x000000002a260000,0x000000002a360000)]
  0x000000001d6f3000 JavaThread "stdout" [_thread_in_native, id=10944, stack(0x000000002a160000,0x000000002a260000)]
  0x000000001d6ee800 JavaThread "stderr" [_thread_in_native, id=12040, stack(0x000000002a060000,0x000000002a160000)]
  0x000000001d6ed000 JavaThread "WorkerExecutor Queue Thread 6" [_thread_blocked, id=11360, stack(0x0000000029bb0000,0x0000000029cb0000)]
  0x000000001d6eb000 JavaThread "stdout" [_thread_in_native, id=6056, stack(0x0000000029540000,0x0000000029640000)]
  0x000000001d6ea000 JavaThread "stderr" [_thread_in_native, id=10068, stack(0x0000000029440000,0x0000000029540000)]
  0x000000001d6e8800 JavaThread "stdout" [_thread_in_native, id=148, stack(0x0000000029340000,0x0000000029440000)]
  0x000000001d6e6800 JavaThread "stderr" [_thread_in_native, id=3884, stack(0x0000000029240000,0x0000000029340000)]
  0x000000001d6e9800 JavaThread "stdout" [_thread_in_native, id=6440, stack(0x0000000029140000,0x0000000029240000)]
  0x0000000018990000 JavaThread "stderr" [_thread_in_native, id=9060, stack(0x0000000029040000,0x0000000029140000)]
  0x000000001876c800 JavaThread "pool-23-thread-1" [_thread_blocked, id=5776, stack(0x0000000028c40000,0x0000000028d40000)]
  0x0000000018992800 JavaThread "Cache worker for execution history cache (C:\Users\Niger Lim\AndroidStudioProjects\fyp\.gradle\5.6.4\executionHistory)" [_thread_blocked, id=13164, stack(0x0000000028220000,0x0000000028320000)]
  0x000000001898d000 JavaThread "Execution worker for ':' Thread 7" [_thread_in_Java, id=3356, stack(0x0000000028b40000,0x0000000028c40000)]
  0x0000000018991800 JavaThread "Execution worker for ':' Thread 6" [_thread_in_native, id=6864, stack(0x0000000028a40000,0x0000000028b40000)]
  0x000000001898f800 JavaThread "Execution worker for ':' Thread 5" [_thread_in_native, id=11936, stack(0x0000000028940000,0x0000000028a40000)]
  0x0000000018984000 JavaThread "Execution worker for ':' Thread 4" [_thread_in_Java, id=11772, stack(0x0000000028840000,0x0000000028940000)]
  0x0000000018983800 JavaThread "Execution worker for ':' Thread 3" [_thread_in_native, id=5592, stack(0x0000000028740000,0x0000000028840000)]
  0x0000000018989800 JavaThread "Execution worker for ':' Thread 2" [_thread_in_native, id=5572, stack(0x0000000028640000,0x0000000028740000)]
  0x0000000018985800 JavaThread "Execution worker for ':'" [_thread_in_Java, id=5192, stack(0x0000000028540000,0x0000000028640000)]
  0x0000000018988800 JavaThread "Cache worker for file content cache (C:\Users\Niger Lim\AndroidStudioProjects\fyp\.gradle\5.6.4\fileContent)" [_thread_blocked, id=12044, stack(0x0000000027f20000,0x0000000028020000)]
  0x000000001898a000 JavaThread "Cache worker for file content cache (C:\Users\Niger Lim\.gradle\caches\5.6.4\fileContent)" [_thread_blocked, id=7716, stack(0x0000000027e20000,0x0000000027f20000)]
  0x0000000018988000 JavaThread "Cache worker for Build Output Cleanup Cache (C:\Users\Niger Lim\AndroidStudioProjects\fyp\.gradle\buildOutputCleanup)" [_thread_blocked, id=11380, stack(0x0000000027d20000,0x0000000027e20000)]
  0x000000001aee2800 JavaThread "Build operations Thread 8" [_thread_blocked, id=10476, stack(0x0000000027a20000,0x0000000027b20000)]
  0x000000001aee1800 JavaThread "Build operations Thread 7" [_thread_blocked, id=6768, stack(0x0000000027920000,0x0000000027a20000)]
  0x000000001aee1000 JavaThread "Build operations Thread 6" [_thread_blocked, id=11680, stack(0x0000000026390000,0x0000000026490000)]
  0x000000001aee0000 JavaThread "Build operations Thread 5" [_thread_blocked, id=5892, stack(0x0000000022d60000,0x0000000022e60000)]
  0x000000001aed8800 JavaThread "Build operations Thread 4" [_thread_blocked, id=8960, stack(0x0000000022660000,0x0000000022760000)]
  0x000000001aede800 JavaThread "Build operations Thread 3" [_thread_blocked, id=9856, stack(0x0000000022560000,0x0000000022660000)]
  0x000000001aedd000 JavaThread "Build operations Thread 2" [_thread_blocked, id=11276, stack(0x0000000022460000,0x0000000022560000)]
  0x000000001aedf800 JavaThread "Build operations" [_thread_blocked, id=11952, stack(0x0000000022360000,0x0000000022460000)]
  0x000000001aedc800 JavaThread "Cache worker for cache directory md-rule (C:\Users\Niger Lim\.gradle\caches\5.6.4\md-rule)" [_thread_blocked, id=5420, stack(0x0000000022260000,0x0000000022360000)]
  0x000000001aede000 JavaThread "Cache worker for cache directory md-supplier (C:\Users\Niger Lim\.gradle\caches\5.6.4\md-supplier)" [_thread_blocked, id=9412, stack(0x0000000022160000,0x0000000022260000)]
  0x000000001aed4800 JavaThread "Cache worker for file hash cache (C:\Users\Niger Lim\AndroidStudioProjects\fyp\.gradle\5.6.4\fileHashes)" [_thread_blocked, id=8692, stack(0x00000000205a0000,0x00000000206a0000)]
  0x000000001aedb800 JavaThread "Thread-66" [_thread_blocked, id=3460, stack(0x000000001f420000,0x000000001f520000)]
  0x000000001aeda000 JavaThread "Asynchronous log dispatcher for DefaultDaemonConnection: socket connection from /127.0.0.1:64592 to /127.0.0.1:49438" [_thread_blocked, id=11528, stack(0x000000001f220000,0x000000001f320000)]
  0x000000001aed9000 JavaThread "Daemon worker Thread 3" [_thread_in_native, id=2528, stack(0x000000001e820000,0x000000001e920000)]
  0x000000001aed7000 JavaThread "Cancel handler" [_thread_blocked, id=10140, stack(0x000000001cd50000,0x000000001ce50000)]
  0x000000001aed4000 JavaThread "Handler for socket connection from /127.0.0.1:64592 to /127.0.0.1:49438" [_thread_in_native, id=9844, stack(0x000000001cc50000,0x000000001cd50000)]
  0x000000001aed7800 JavaThread "Daemon Thread 3" [_thread_blocked, id=852, stack(0x000000001cb50000,0x000000001cc50000)]
  0x000000001898b000 JavaThread "Memory manager" [_thread_blocked, id=12420, stack(0x0000000023860000,0x0000000023960000)]
  0x0000000018986800 JavaThread "Cache worker for execution history cache (C:\Users\Niger Lim\.gradle\caches\5.6.4\executionHistory)" [_thread_blocked, id=13152, stack(0x000000001f120000,0x000000001f220000)]
  0x000000001876e800 JavaThread "Cache worker for journal cache (C:\Users\Niger Lim\.gradle\caches\journal-1)" [_thread_blocked, id=960, stack(0x000000001d550000,0x000000001d650000)]
  0x0000000018771000 JavaThread "File lock request listener" [_thread_in_native, id=6808, stack(0x000000001d450000,0x000000001d550000)]
  0x000000001b671000 JavaThread "Cache worker for file hash cache (C:\Users\Niger Lim\.gradle\caches\5.6.4\fileHashes)" [_thread_blocked, id=12416, stack(0x000000001d350000,0x000000001d450000)]
  0x0000000019769000 JavaThread "Daemon periodic checks" [_thread_blocked, id=13132, stack(0x000000001c650000,0x000000001c750000)]
  0x000000001a2b3000 JavaThread "Incoming local TCP Connector on port 64592" [_thread_in_native, id=12460, stack(0x000000001c410000,0x000000001c510000)]
  0x000000001ae6f800 JavaThread "Daemon health stats" [_thread_blocked, id=12948, stack(0x000000001bdd0000,0x000000001bed0000)]
  0x00000000187bf000 JavaThread "Service Thread" daemon [_thread_blocked, id=12896, stack(0x0000000019430000,0x0000000019530000)]
  0x000000001876a000 JavaThread "C1 CompilerThread3" daemon [_thread_in_vm, id=3404, stack(0x0000000019330000,0x0000000019430000)]
=>0x0000000018766800 JavaThread "C2 CompilerThread2" daemon [_thread_in_native, id=11876, stack(0x0000000019230000,0x0000000019330000)]
  0x0000000018762000 JavaThread "C2 CompilerThread1" daemon [_thread_in_native, id=3492, stack(0x0000000019130000,0x0000000019230000)]
  0x000000001875e800 JavaThread "C2 CompilerThread0" daemon [_thread_in_native, id=12516, stack(0x0000000019030000,0x0000000019130000)]
  0x000000001875d800 JavaThread "Attach Listener" daemon [_thread_blocked, id=1432, stack(0x0000000018f30000,0x0000000019030000)]
  0x000000001875a000 JavaThread "Signal Dispatcher" daemon [_thread_blocked, id=8004, stack(0x0000000018e30000,0x0000000018f30000)]
  0x0000000002b8e000 JavaThread "Finalizer" daemon [_thread_blocked, id=6244, stack(0x0000000018c30000,0x0000000018d30000)]
  0x0000000002b85000 JavaThread "Reference Handler" daemon [_thread_blocked, id=10848, stack(0x0000000018b30000,0x0000000018c30000)]
  0x000000000298e800 JavaThread "main" [_thread_blocked, id=12852, stack(0x0000000002990000,0x0000000002a90000)]

Other Threads:
  0x0000000016948000 VMThread [stack: 0x0000000018630000,0x0000000018730000] [id=5152]
  0x00000000187bf800 WatcherThread [stack: 0x0000000019530000,0x0000000019630000] [id=7212]

VM state:not at safepoint (normal execution)

VM Mutex/Monitor currently owned by a thread: None

heap address: 0x00000000a0000000, size: 1536 MB, Compressed Oops mode: 32-bit
Narrow klass base: 0x0000000000000000, Narrow klass shift: 3
Compressed class space size: 1073741824 Address: 0x0000000100000000

Heap:
 PSYoungGen      total 398336K, used 75836K [0x00000000e0000000, 0x00000000fd800000, 0x0000000100000000)
  eden space 391168K, 19% used [0x00000000e0000000,0x00000000e4a0f160,0x00000000f7e00000)
  from space 7168K, 0% used [0x00000000f8e80000,0x00000000f8e80000,0x00000000f9580000)
  to   space 46080K, 0% used [0x00000000fab00000,0x00000000fab00000,0x00000000fd800000)
 ParOldGen       total 190464K, used 47081K [0x00000000a0000000, 0x00000000aba00000, 0x00000000e0000000)
  object space 190464K, 24% used [0x00000000a0000000,0x00000000a2dfa7e8,0x00000000aba00000)
 Metaspace       used 98835K, capacity 102384K, committed 105088K, reserved 1153024K
  class space    used 12729K, capacity 13444K, committed 13952K, reserved 1048576K

Card table byte_map: [0x0000000011f50000,0x0000000012260000] byte_map_base: 0x0000000011a50000

Marking Bits: (ParMarkBitMap*) 0x000000006fea9f30
 Begin Bits: [0x0000000012c60000, 0x0000000014460000)
 End Bits:   [0x0000000014460000, 0x0000000015c60000)

Polling page: 0x00000000009f0000

CodeCache: size=245760Kb used=50162Kb max_used=50259Kb free=195597Kb
 bounds [0x0000000002b90000, 0x0000000005d30000, 0x0000000011b90000]
 total_blobs=16099 nmethods=15172 adapters=836
 compilation: enabled

Compilation events (10 events):
Event: 1789.378 Thread 0x000000001876a000 nmethod 18457 0x0000000005aa5e50 code [0x0000000005aa5fe0, 0x0000000005aa6208]
Event: 1789.378 Thread 0x000000001876a000 18476 %     3       com.android.tools.r8.ir.regalloc.LinearScanRegisterAllocator::a @ 2115 (3993 bytes)
Event: 1789.386 Thread 0x000000001875e800 nmethod 18244 0x0000000004a9dc10 code [0x0000000004a9e020, 0x0000000004aa0508]
Event: 1789.386 Thread 0x000000001875e800 18229       4       com.android.tools.r8.ir.regalloc.a::c (196 bytes)
Event: 1789.406 Thread 0x000000001875e800 nmethod 18229 0x0000000004945dd0 code [0x0000000004945f80, 0x00000000049468f8]
Event: 1789.406 Thread 0x000000001875e800 18330       4       com.android.tools.r8.u.b.g1::V (8 bytes)
Event: 1789.408 Thread 0x000000001875e800 nmethod 18330 0x0000000005aa5a90 code [0x0000000005aa5be0, 0x0000000005aa5cf8]
Event: 1789.408 Thread 0x000000001875e800 18357       4       com.android.tools.r8.ir.regalloc.a::A (11 bytes)
Event: 1789.411 Thread 0x000000001875e800 nmethod 18357 0x0000000002fd1a50 code [0x0000000002fd1be0, 0x0000000002fd1e38]
Event: 1789.411 Thread 0x000000001875e800 18383       4       java.util.zip.DeflaterOutputStream::deflate (36 bytes)

GC Heap History (10 events):
Event: 1788.225 GC heap before
{Heap before GC invocations=21 (full 6):
 PSYoungGen      total 398336K, used 3371K [0x00000000e0000000, 0x00000000fd800000, 0x0000000100000000)
  eden space 391168K, 0% used [0x00000000e0000000,0x00000000e0000000,0x00000000f7e00000)
  from space 7168K, 47% used [0x00000000f8e80000,0x00000000f91cace0,0x00000000f9580000)
  to   space 46080K, 0% used [0x00000000fab00000,0x00000000fab00000,0x00000000fd800000)
 ParOldGen       total 190464K, used 49928K [0x00000000a0000000, 0x00000000aba00000, 0x00000000e0000000)
  object space 190464K, 26% used [0x00000000a0000000,0x00000000a30c21a0,0x00000000aba00000)
 Metaspace       used 98696K, capacity 102702K, committed 104320K, reserved 1153024K
  class space    used 12796K, capacity 13609K, committed 13952K, reserved 1048576K
Event: 1788.339 GC heap after
Heap after GC invocations=21 (full 6):
 PSYoungGen      total 398336K, used 0K [0x00000000e0000000, 0x00000000fd800000, 0x0000000100000000)
  eden space 391168K, 0% used [0x00000000e0000000,0x00000000e0000000,0x00000000f7e00000)
  from space 7168K, 0% used [0x00000000f8e80000,0x00000000f8e80000,0x00000000f9580000)
  to   space 46080K, 0% used [0x00000000fab00000,0x00000000fab00000,0x00000000fd800000)
 ParOldGen       total 190464K, used 50507K [0x00000000a0000000, 0x00000000aba00000, 0x00000000e0000000)
  object space 190464K, 26% used [0x00000000a0000000,0x00000000a3152f50,0x00000000aba00000)
 Metaspace       used 98417K, capacity 101962K, committed 104320K, reserved 1148928K
  class space    used 12699K, capacity 13441K, committed 13952K, reserved 1048576K
}
Event: 1788.340 GC heap before
{Heap before GC invocations=22 (full 6):
 PSYoungGen      total 398336K, used 1339K [0x00000000e0000000, 0x00000000fd800000, 0x0000000100000000)
  eden space 391168K, 0% used [0x00000000e0000000,0x00000000e014eca8,0x00000000f7e00000)
  from space 7168K, 0% used [0x00000000f8e80000,0x00000000f8e80000,0x00000000f9580000)
  to   space 46080K, 0% used [0x00000000fab00000,0x00000000fab00000,0x00000000fd800000)
 ParOldGen       total 190464K, used 50507K [0x00000000a0000000, 0x00000000aba00000, 0x00000000e0000000)
  object space 190464K, 26% used [0x00000000a0000000,0x00000000a3152f50,0x00000000aba00000)
 Metaspace       used 98424K, capacity 101962K, committed 104320K, reserved 1153024K
  class space    used 12699K, capacity 13441K, committed 13952K, reserved 1048576K
Event: 1788.343 GC heap after
Heap after GC invocations=22 (full 6):
 PSYoungGen      total 437248K, used 160K [0x00000000e0000000, 0x00000000fd800000, 0x0000000100000000)
  eden space 391168K, 0% used [0x00000000e0000000,0x00000000e0000000,0x00000000f7e00000)
  from space 46080K, 0% used [0x00000000fab00000,0x00000000fab28000,0x00000000fd800000)
  to   space 7168K, 0% used [0x00000000f8e80000,0x00000000f8e80000,0x00000000f9580000)
 ParOldGen       total 190464K, used 50507K [0x00000000a0000000, 0x00000000aba00000, 0x00000000e0000000)
  object space 190464K, 26% used [0x00000000a0000000,0x00000000a3152f50,0x00000000aba00000)
 Metaspace       used 98424K, capacity 101962K, committed 104320K, reserved 1153024K
  class space    used 12699K, capacity 13441K, committed 13952K, reserved 1048576K
}
Event: 1788.343 GC heap before
{Heap before GC invocations=23 (full 7):
 PSYoungGen      total 437248K, used 160K [0x00000000e0000000, 0x00000000fd800000, 0x0000000100000000)
  eden space 391168K, 0% used [0x00000000e0000000,0x00000000e0000000,0x00000000f7e00000)
  from space 46080K, 0% used [0x00000000fab00000,0x00000000fab28000,0x00000000fd800000)
  to   space 7168K, 0% used [0x00000000f8e80000,0x00000000f8e80000,0x00000000f9580000)
 ParOldGen       total 190464K, used 50507K [0x00000000a0000000, 0x00000000aba00000, 0x00000000e0000000)
  object space 190464K, 26% used [0x00000000a0000000,0x00000000a3152f50,0x00000000aba00000)
 Metaspace       used 98424K, capacity 101962K, committed 104320K, reserved 1153024K
  class space    used 12699K, capacity 13441K, committed 13952K, reserved 1048576K
Event: 1788.438 GC heap after
Heap after GC invocations=23 (full 7):
 PSYoungGen      total 437248K, used 0K [0x00000000e0000000, 0x00000000fd800000, 0x0000000100000000)
  eden space 391168K, 0% used [0x00000000e0000000,0x00000000e0000000,0x00000000f7e00000)
  from space 46080K, 0% used [0x00000000fab00000,0x00000000fab00000,0x00000000fd800000)
  to   space 7168K, 0% used [0x00000000f8e80000,0x00000000f8e80000,0x00000000f9580000)
 ParOldGen       total 190464K, used 48840K [0x00000000a0000000, 0x00000000aba00000, 0x00000000e0000000)
  object space 190464K, 25% used [0x00000000a0000000,0x00000000a2fb21f8,0x00000000aba00000)
 Metaspace       used 98424K, capacity 101962K, committed 104320K, reserved 1148928K
  class space    used 12699K, capacity 13441K, committed 13952K, reserved 1048576K
}
Event: 1788.438 GC heap before
{Heap before GC invocations=24 (full 7):
 PSYoungGen      total 437248K, used 0K [0x00000000e0000000, 0x00000000fd800000, 0x0000000100000000)
  eden space 391168K, 0% used [0x00000000e0000000,0x00000000e0000000,0x00000000f7e00000)
  from space 46080K, 0% used [0x00000000fab00000,0x00000000fab00000,0x00000000fd800000)
  to   space 7168K, 0% used [0x00000000f8e80000,0x00000000f8e80000,0x00000000f9580000)
 ParOldGen       total 190464K, used 48840K [0x00000000a0000000, 0x00000000aba00000, 0x00000000e0000000)
  object space 190464K, 25% used [0x00000000a0000000,0x00000000a2fb21f8,0x00000000aba00000)
 Metaspace       used 98424K, capacity 101962K, committed 104320K, reserved 1153024K
  class space    used 12699K, capacity 13441K, committed 13952K, reserved 1048576K
Event: 1788.440 GC heap after
Heap after GC invocations=24 (full 7):
 PSYoungGen      total 398336K, used 0K [0x00000000e0000000, 0x00000000fd800000, 0x0000000100000000)
  eden space 391168K, 0% used [0x00000000e0000000,0x00000000e0000000,0x00000000f7e00000)
  from space 7168K, 0% used [0x00000000f8e80000,0x00000000f8e80000,0x00000000f9580000)
  to   space 46080K, 0% used [0x00000000fab00000,0x00000000fab00000,0x00000000fd800000)
 ParOldGen       total 190464K, used 48840K [0x00000000a0000000, 0x00000000aba00000, 0x00000000e0000000)
  object space 190464K, 25% used [0x00000000a0000000,0x00000000a2fb21f8,0x00000000aba00000)
 Metaspace       used 98424K, capacity 101962K, committed 104320K, reserved 1153024K
  class space    used 12699K, capacity 13441K, committed 13952K, reserved 1048576K
}
Event: 1788.440 GC heap before
{Heap before GC invocations=25 (full 8):
 PSYoungGen      total 398336K, used 0K [0x00000000e0000000, 0x00000000fd800000, 0x0000000100000000)
  eden space 391168K, 0% used [0x00000000e0000000,0x00000000e0000000,0x00000000f7e00000)
  from space 7168K, 0% used [0x00000000f8e80000,0x00000000f8e80000,0x00000000f9580000)
  to   space 46080K, 0% used [0x00000000fab00000,0x00000000fab00000,0x00000000fd800000)
 ParOldGen       total 190464K, used 48840K [0x00000000a0000000, 0x00000000aba00000, 0x00000000e0000000)
  object space 190464K, 25% used [0x00000000a0000000,0x00000000a2fb21f8,0x00000000aba00000)
 Metaspace       used 98424K, capacity 101962K, committed 104320K, reserved 1153024K
  class space    used 12699K, capacity 13441K, committed 13952K, reserved 1048576K
Event: 1788.926 GC heap after
Heap after GC invocations=25 (full 8):
 PSYoungGen      total 398336K, used 0K [0x00000000e0000000, 0x00000000fd800000, 0x0000000100000000)
  eden space 391168K, 0% used [0x00000000e0000000,0x00000000e0000000,0x00000000f7e00000)
  from space 7168K, 0% used [0x00000000f8e80000,0x00000000f8e80000,0x00000000f9580000)
  to   space 46080K, 0% used [0x00000000fab00000,0x00000000fab00000,0x00000000fd800000)
 ParOldGen       total 190464K, used 47081K [0x00000000a0000000, 0x00000000aba00000, 0x00000000e0000000)
  object space 190464K, 24% used [0x00000000a0000000,0x00000000a2dfa7e8,0x00000000aba00000)
 Metaspace       used 98098K, capacity 101420K, committed 104320K, reserved 1148928K
  class space    used 12650K, capacity 13350K, committed 13952K, reserved 1048576K
}

Deoptimization events (10 events):
Event: 1789.250 Thread 0x000000001898f800 Uncommon trap: reason=unloaded action=reinterpret pc=0x0000000004951720 method=com.google.common.cache.LocalCache$Segment.get(Ljava/lang/Object;ILcom/google/common/cache/CacheLoader;)Ljava/lang/Object; @ 188
Event: 1789.250 Thread 0x0000000018989800 Uncommon trap: reason=unloaded action=reinterpret pc=0x0000000004a518a0 method=sun.nio.fs.WindowsDirectoryStream$WindowsDirectoryIterator.readNextEntry()Ljava/nio/file/Path; @ 65
Event: 1789.251 Thread 0x0000000018989800 Uncommon trap: reason=unloaded action=reinterpret pc=0x0000000004951720 method=com.google.common.cache.LocalCache$Segment.get(Ljava/lang/Object;ILcom/google/common/cache/CacheLoader;)Ljava/lang/Object; @ 188
Event: 1789.330 Thread 0x0000000018984000 Uncommon trap: reason=unloaded action=reinterpret pc=0x00000000049d546c method=sun.nio.fs.WindowsDirectoryStream$WindowsDirectoryIterator.readNextEntry()Ljava/nio/file/Path; @ 65
Event: 1789.330 Thread 0x0000000018984000 Uncommon trap: reason=unloaded action=reinterpret pc=0x0000000004951720 method=com.google.common.cache.LocalCache$Segment.get(Ljava/lang/Object;ILcom/google/common/cache/CacheLoader;)Ljava/lang/Object; @ 188
Event: 1789.374 Thread 0x0000000018989800 Uncommon trap: reason=class_check action=maybe_recompile pc=0x0000000005075c88 method=org.gradle.internal.Try.map(Ljava/util/function/Function;)Lorg/gradle/internal/Try; @ 10
Event: 1789.395 Thread 0x000000001898f800 Uncommon trap: reason=unstable_if action=reinterpret pc=0x000000000444f810 method=java.util.concurrent.ConcurrentHashMap.putVal(Ljava/lang/Object;Ljava/lang/Object;Z)Ljava/lang/Object; @ 113
Event: 1789.396 Thread 0x0000000018989800 Uncommon trap: reason=unstable_if action=reinterpret pc=0x000000000499fcac method=java.util.concurrent.ConcurrentHashMap.transfer([Ljava/util/concurrent/ConcurrentHashMap$Node;[Ljava/util/concurrent/ConcurrentHashMap$Node;)V @ 34
Event: 1789.396 Thread 0x0000000018989800 Uncommon trap: reason=unstable_if action=reinterpret pc=0x00000000057119d0 method=java.util.concurrent.ConcurrentHashMap.get(Ljava/lang/Object;)Ljava/lang/Object; @ 86
Event: 1789.403 Thread 0x0000000018983800 Uncommon trap: reason=class_check action=maybe_recompile pc=0x0000000005075c88 method=org.gradle.internal.Try.map(Ljava/util/function/Function;)Lorg/gradle/internal/Try; @ 10

Classes redefined (0 events):
No events

Internal exceptions (10 events):
Event: 1789.331 Thread 0x000000001898f800 Exception <a 'sun/nio/fs/WindowsException'> (0x00000000e2df2a70) thrown at [D:\src\AOSP-openjdk-cygwin\jdk8u\hotspot\src\share\vm\prims\jni.cpp, line 710]
Event: 1789.337 Thread 0x0000000018989800 Exception <a 'sun/nio/fs/WindowsException'> (0x00000000e2be6170) thrown at [D:\src\AOSP-openjdk-cygwin\jdk8u\hotspot\src\share\vm\prims\jni.cpp, line 710]
Event: 1789.373 Thread 0x0000000018989800 Exception <a 'sun/nio/fs/WindowsException'> (0x00000000e2c033b8) thrown at [D:\src\AOSP-openjdk-cygwin\jdk8u\hotspot\src\share\vm\prims\jni.cpp, line 710]
Event: 1789.381 Thread 0x0000000018984000 Exception <a 'sun/nio/fs/WindowsException'> (0x00000000e32a7310) thrown at [D:\src\AOSP-openjdk-cygwin\jdk8u\hotspot\src\share\vm\prims\jni.cpp, line 710]
Event: 1789.402 Thread 0x000000001898f800 Exception <a 'sun/nio/fs/WindowsException'> (0x00000000e2e3d668) thrown at [D:\src\AOSP-openjdk-cygwin\jdk8u\hotspot\src\share\vm\prims\jni.cpp, line 710]
Event: 1789.402 Thread 0x0000000018983800 Exception <a 'sun/nio/fs/WindowsException'> (0x00000000e428ebd0) thrown at [D:\src\AOSP-openjdk-cygwin\jdk8u\hotspot\src\share\vm\prims\jni.cpp, line 710]
Event: 1789.406 Thread 0x0000000018984000 Exception <a 'sun/nio/fs/WindowsException'> (0x00000000e33314d0) thrown at [D:\src\AOSP-openjdk-cygwin\jdk8u\hotspot\src\share\vm\prims\jni.cpp, line 710]
Event: 1789.408 Thread 0x000000001898f800 Exception <a 'sun/nio/fs/WindowsException'> (0x00000000e2e4c4e8) thrown at [D:\src\AOSP-openjdk-cygwin\jdk8u\hotspot\src\share\vm\prims\jni.cpp, line 710]
Event: 1789.412 Thread 0x0000000018989800 Exception <a 'sun/nio/fs/WindowsException'> (0x00000000e3dfbed8) thrown at [D:\src\AOSP-openjdk-cygwin\jdk8u\hotspot\src\share\vm\prims\jni.cpp, line 710]
Event: 1789.413 Thread 0x0000000018983800 Exception <a 'sun/nio/fs/WindowsException'> (0x00000000e429f2c8) thrown at [D:\src\AOSP-openjdk-cygwin\jdk8u\hotspot\src\share\vm\prims\jni.cpp, line 710]

Events (10 events):
Event: 1789.395 Thread 0x000000001898f800 DEOPT UNPACKING pc=0x0000000002bd557b sp=0x0000000028a3ce78 mode 2
Event: 1789.396 Thread 0x0000000018989800 Uncommon trap: trap_request=0xffffff65 fr.pc=0x000000000499fcac
Event: 1789.396 Thread 0x0000000018989800 DEOPT PACKING pc=0x000000000499fcac sp=0x000000002873c990
Event: 1789.396 Thread 0x0000000018989800 DEOPT UNPACKING pc=0x0000000002bd557b sp=0x000000002873c950 mode 2
Event: 1789.396 Thread 0x0000000018989800 Uncommon trap: trap_request=0xffffff65 fr.pc=0x00000000057119d0
Event: 1789.396 Thread 0x0000000018989800 DEOPT PACKING pc=0x00000000057119d0 sp=0x000000002873cc80
Event: 1789.396 Thread 0x0000000018989800 DEOPT UNPACKING pc=0x0000000002bd557b sp=0x000000002873cb90 mode 2
Event: 1789.403 Thread 0x0000000018983800 Uncommon trap: trap_request=0xffffffde fr.pc=0x0000000005075c88
Event: 1789.403 Thread 0x0000000018983800 DEOPT PACKING pc=0x0000000005075c88 sp=0x000000002883e980
Event: 1789.403 Thread 0x0000000018983800 DEOPT UNPACKING pc=0x0000000002bd557b sp=0x000000002883e920 mode 2


Dynamic libraries:
0x00007ff7ddf30000 - 0x00007ff7ddf61000 	C:\Program Files\Android\Android Studio\jre\bin\java.exe
0x00007ffb598a0000 - 0x00007ffb59a90000 	C:\WINDOWS\SYSTEM32\ntdll.dll
0x00007ffb2bb50000 - 0x00007ffb2bb63000 	C:\Program Files (x86)\AVG\Antivirus\aswhook.dll
0x00007ffb58900000 - 0x00007ffb589b2000 	C:\WINDOWS\System32\KERNEL32.DLL
0x00007ffb57100000 - 0x00007ffb573a3000 	C:\WINDOWS\System32\KERNELBASE.dll
0x00007ffb58630000 - 0x00007ffb586d3000 	C:\WINDOWS\System32\ADVAPI32.dll
0x00007ffb58d70000 - 0x00007ffb58e0e000 	C:\WINDOWS\System32\msvcrt.dll
0x00007ffb596a0000 - 0x00007ffb59737000 	C:\WINDOWS\System32\sechost.dll
0x00007ffb57a20000 - 0x00007ffb57b40000 	C:\WINDOWS\System32\RPCRT4.dll
0x00007ffb57b40000 - 0x00007ffb57cd4000 	C:\WINDOWS\System32\USER32.dll
0x00007ffb573b0000 - 0x00007ffb573d1000 	C:\WINDOWS\System32\win32u.dll
0x00007ffb58fc0000 - 0x00007ffb58fe6000 	C:\WINDOWS\System32\GDI32.dll
0x00007ffb57590000 - 0x00007ffb57724000 	C:\WINDOWS\System32\gdi32full.dll
0x00007ffb578b0000 - 0x00007ffb5794e000 	C:\WINDOWS\System32\msvcp_win.dll
0x00007ffb56830000 - 0x00007ffb5692a000 	C:\WINDOWS\System32\ucrtbase.dll
0x00007ffb41540000 - 0x00007ffb417c5000 	C:\WINDOWS\WinSxS\amd64_microsoft.windows.common-controls_6595b64144ccf1df_6.0.18362.778_none_e6c6b761130d4fb8\COMCTL32.dll
0x00007ffb58a30000 - 0x00007ffb58d66000 	C:\WINDOWS\System32\combase.dll
0x00007ffb57510000 - 0x00007ffb57590000 	C:\WINDOWS\System32\bcryptPrimitives.dll
0x00007ffb58600000 - 0x00007ffb5862e000 	C:\WINDOWS\System32\IMM32.DLL
0x000000006f520000 - 0x000000006f5f2000 	C:\Program Files\Android\Android Studio\jre\jre\bin\msvcr100.dll
0x000000006f6e0000 - 0x000000006ff26000 	C:\Program Files\Android\Android Studio\jre\jre\bin\server\jvm.dll
0x00007ffb588f0000 - 0x00007ffb588f8000 	C:\WINDOWS\System32\PSAPI.DLL
0x00007ffb45950000 - 0x00007ffb45959000 	C:\WINDOWS\SYSTEM32\WSOCK32.dll
0x00007ffb589c0000 - 0x00007ffb58a2f000 	C:\WINDOWS\System32\WS2_32.dll
0x00007ffb53c70000 - 0x00007ffb53c94000 	C:\WINDOWS\SYSTEM32\WINMM.dll
0x00007ffb4e1f0000 - 0x00007ffb4e1fa000 	C:\WINDOWS\SYSTEM32\VERSION.dll
0x00007ffb53580000 - 0x00007ffb535ad000 	C:\WINDOWS\SYSTEM32\WINMMBASE.dll
0x00007ffb570b0000 - 0x00007ffb570fa000 	C:\WINDOWS\System32\cfgmgr32.dll
0x00007ffb51dd0000 - 0x00007ffb51ddf000 	C:\Program Files\Android\Android Studio\jre\jre\bin\verify.dll
0x00007ffb4ccd0000 - 0x00007ffb4ccf9000 	C:\Program Files\Android\Android Studio\jre\jre\bin\java.dll
0x00007ffb4ccb0000 - 0x00007ffb4ccc6000 	C:\Program Files\Android\Android Studio\jre\jre\bin\zip.dll
0x00007ffb57d60000 - 0x00007ffb58445000 	C:\WINDOWS\System32\SHELL32.dll
0x00007ffb59740000 - 0x00007ffb597e9000 	C:\WINDOWS\System32\shcore.dll
0x00007ffb56930000 - 0x00007ffb570b0000 	C:\WINDOWS\System32\windows.storage.dll
0x00007ffb56800000 - 0x00007ffb56823000 	C:\WINDOWS\System32\profapi.dll
0x00007ffb56770000 - 0x00007ffb567ba000 	C:\WINDOWS\System32\powrprof.dll
0x00007ffb56760000 - 0x00007ffb56770000 	C:\WINDOWS\System32\UMPDC.dll
0x00007ffb59070000 - 0x00007ffb590c2000 	C:\WINDOWS\System32\shlwapi.dll
0x00007ffb567c0000 - 0x00007ffb567d1000 	C:\WINDOWS\System32\kernel.appcore.dll
0x00007ffb573e0000 - 0x00007ffb573f7000 	C:\WINDOWS\System32\cryptsp.dll
0x00007ffb4cc90000 - 0x00007ffb4ccaa000 	C:\Program Files\Android\Android Studio\jre\jre\bin\net.dll
0x00007ffb478c0000 - 0x00007ffb47a95000 	C:\WINDOWS\SYSTEM32\urlmon.dll
0x00007ffb47f40000 - 0x00007ffb481e6000 	C:\WINDOWS\SYSTEM32\iertutil.dll
0x00007ffb561a0000 - 0x00007ffb561ac000 	C:\WINDOWS\SYSTEM32\CRYPTBASE.DLL
0x00007ffb55fd0000 - 0x00007ffb56037000 	C:\WINDOWS\system32\mswsock.dll
0x00007ffb4cc70000 - 0x00007ffb4cc83000 	C:\Program Files\Android\Android Studio\jre\jre\bin\nio.dll
0x00007ffb4f430000 - 0x00007ffb4f456000 	C:\Users\Niger Lim\.gradle\native\30\windows-amd64\native-platform.dll
0x00007ffb51dc0000 - 0x00007ffb51dcd000 	C:\Program Files\Android\Android Studio\jre\jre\bin\management.dll
0x00007ffb55b40000 - 0x00007ffb55b73000 	C:\WINDOWS\system32\rsaenh.dll
0x00007ffb57730000 - 0x00007ffb57756000 	C:\WINDOWS\System32\bcrypt.dll
0x00007ffb56650000 - 0x00007ffb56675000 	C:\WINDOWS\SYSTEM32\USERENV.dll
0x00007ffb55ce0000 - 0x00007ffb55d1a000 	C:\WINDOWS\SYSTEM32\IPHLPAPI.DLL
0x00007ffb59690000 - 0x00007ffb59698000 	C:\WINDOWS\System32\NSI.dll
0x00007ffb49dd0000 - 0x00007ffb49de6000 	C:\WINDOWS\SYSTEM32\dhcpcsvc6.DLL
0x00007ffb4a2e0000 - 0x00007ffb4a2fc000 	C:\WINDOWS\SYSTEM32\dhcpcsvc.DLL
0x00007ffb55d20000 - 0x00007ffb55dea000 	C:\WINDOWS\SYSTEM32\DNSAPI.dll
0x00007ffb4c880000 - 0x00007ffb4c8a4000 	C:\Program Files\Android\Android Studio\jre\jre\bin\sunec.dll
0x00007ffb4f0c0000 - 0x00007ffb4f0ca000 	C:\Windows\System32\rasadhlp.dll
0x00007ffb496f0000 - 0x00007ffb49767000 	C:\WINDOWS\System32\fwpuclnt.dll
0x00007ffb4f2d0000 - 0x00007ffb4f2db000 	C:\Program Files\Android\Android Studio\jre\jre\bin\sunmscapi.dll
0x00007ffb57760000 - 0x00007ffb578a9000 	C:\WINDOWS\System32\CRYPT32.dll
0x00007ffb567e0000 - 0x00007ffb567f2000 	C:\WINDOWS\System32\MSASN1.dll
0x00007ffb557c0000 - 0x00007ffb557f1000 	C:\WINDOWS\SYSTEM32\ntmarta.dll
0x00007ffb544d0000 - 0x00007ffb5455f000 	C:\WINDOWS\system32\apphelp.dll

VM Arguments:
jvm_args: -Xmx1536m -Dfile.encoding=windows-1252 -Duser.country=SG -Duser.language=en -Duser.variant 
java_command: org.gradle.launcher.daemon.bootstrap.GradleDaemon 5.6.4
java_class_path (initial): C:\Users\Niger Lim\.gradle\wrapper\dists\gradle-5.6.4-all\ankdp27end7byghfw1q2sw75f\gradle-5.6.4\lib\gradle-launcher-5.6.4.jar
Launcher Type: SUN_STANDARD

Environment Variables:
PATH=C:\Program Files (x86)\Common Files\Oracle\Java\javapath;C:\ProgramData\Oracle\Java\javapath;C:\Program Files (x86)\Intel\iCLS Client\;C:\Program Files\Intel\iCLS Client\;C:\Windows\system32;C:\Windows;C:\Windows\System32\Wbem;C:\Windows\System32\WindowsPowerShell\v1.0\;C:\Program Files (x86)\NVIDIA Corporation\PhysX\Common;C:\Program Files (x86)\Intel\Intel(R) Management Engine Components\DAL;C:\Program Files\Intel\Intel(R) Management Engine Components\DAL;C:\Program Files (x86)\Intel\Intel(R) Management Engine Components\IPT;C:\Program Files\Intel\Intel(R) Management Engine Components\IPT;C:\Program Files\Intel\WiFi\bin\;C:\Program Files\Common Files\Intel\WirelessCommon\;C:\WINDOWS\system32;C:\WINDOWS;C:\WINDOWS\System32\Wbem;C:\WINDOWS\System32\WindowsPowerShell\v1.0\;C:\WINDOWS\System32\OpenSSH\;C:\Program Files\Java\jdk1.8.0_144\bin;C:\Program Files\NVIDIA Corporation\NVIDIA NvDLISR;C:\Program Files\Git\cmd;C:\Users\Niger Lim\AppData\Local\Programs\Python\Python37-32\Scripts\;C:\Users\Niger Lim\AppData\Local\Programs\Python\Python37-32\;C:\Users\Niger Lim\AppData\Local\Microsoft\WindowsApps;
USERNAME=Niger Lim
OS=Windows_NT
PROCESSOR_IDENTIFIER=Intel64 Family 6 Model 158 Stepping 9, GenuineIntel



---------------  S Y S T E M  ---------------

OS: Windows 10.0 , 64 bit Build 18362 (10.0.18362.778)

CPU:total 8 (initial active 8) (4 cores per cpu, 2 threads per core) family 6 model 158 stepping 9, cmov, cx8, fxsr, mmx, sse, sse2, sse3, ssse3, sse4.1, sse4.2, popcnt, avx, avx2, aes, clmul, erms, 3dnowpref, lzcnt, ht, tsc, tscinvbit, bmi1, bmi2, adx

Memory: 4k page, physical 8340360k(449628k free), swap 10300296k(284k free)

vm_info: OpenJDK 64-Bit Server VM (25.212-b04) for windows-amd64 JRE (1.8.0_212-release-1586-b04), built by "builder" with MS VC++ 10.0 (VS2010)

time: Fri May 08 17:48:18 2020
timezone: Malay Peninsula Standard Time
elapsed time: 1789 seconds (0d 0h 29m 49s)

